C51 COMPILER V9.60.7.0   LCD1602                                                           01/18/2023 23:52:17 PAGE 1   


C51 COMPILER V9.60.7.0, COMPILATION OF MODULE LCD1602
OBJECT MODULE PLACED IN .\Objects\LCD1602.obj
COMPILER INVOKED BY: D:\AppGallery\Keil_v5\C51\BIN\C51.EXE LCD1602.c OPTIMIZE(8,SPEED) BROWSE DEBUG OBJECTEXTEND PRINT(.
                    -\Listings\LCD1602.lst) TABS(2) OBJECT(.\Objects\LCD1602.obj)

line level    source

   1          #include <REGX52.H>
   2          
   3          sbit LCD_RS=P2^6;
   4          sbit LCD_RW=P2^5;
   5          sbit LCD_E=P2^7;
   6          #define LCD_DataPort P0
   7          
   8          void LCD_Delay()    //@12.000MHz 1ms
   9          {
  10   1        unsigned char i, j;
  11   1      
  12   1        i = 2;
  13   1        j = 239;
  14   1        do
  15   1        {
  16   2          while (--j);
  17   2        } while (--i);
  18   1      }
  19          
  20          void LCD_WriteCommand(unsigned char Command)
  21          {
  22   1        LCD_RS=0;
  23   1        LCD_RW=0;
  24   1        LCD_DataPort=Command;
  25   1        LCD_E=1;
  26   1        LCD_Delay();
  27   1        LCD_E=0;
  28   1        LCD_Delay();
  29   1      }
  30          
  31          void LCD_WriteData(unsigned char Data)
  32          {
  33   1        LCD_RS=1;
  34   1        LCD_RW=0;
  35   1        LCD_DataPort=Data;
  36   1        LCD_E=1;
  37   1        LCD_Delay();
  38   1        LCD_E=0;
  39   1        LCD_Delay();
  40   1      }
  41          
  42          void LCD_Init(void)
  43          {
  44   1        LCD_WriteCommand(0x38);
  45   1        LCD_WriteCommand(0x0C);
  46   1        LCD_WriteCommand(0x06);
  47   1        LCD_WriteCommand(0x01);
  48   1      }
  49          
  50          void LCD_SetCursor(unsigned char Line,unsigned char Column)
  51          {
  52   1        if(Line==1)
  53   1        {
  54   2          LCD_WriteCommand(0x80|(Column-1));
C51 COMPILER V9.60.7.0   LCD1602                                                           01/18/2023 23:52:17 PAGE 2   

  55   2        }
  56   1        else
  57   1        {
  58   2          LCD_WriteCommand(0x80|(Column-1)+0x40);
  59   2        }
  60   1      }
  61          
  62          void LCD_ShowString(unsigned char Line,unsigned char Column,unsigned char *String)
  63          {
  64   1        unsigned char i;
  65   1        LCD_SetCursor(Line,Column);
  66   1        for(i=0;String[i]!='\0';i++)
  67   1        {
  68   2          LCD_WriteData(String[i]);
  69   2        }
  70   1      }


MODULE INFORMATION:   STATIC OVERLAYABLE
   CODE SIZE        =    106    ----
   CONSTANT SIZE    =   ----    ----
   XDATA SIZE       =   ----    ----
   PDATA SIZE       =   ----    ----
   DATA SIZE        =   ----       3
   IDATA SIZE       =   ----    ----
   BIT SIZE         =   ----    ----
END OF MODULE INFORMATION.


C51 COMPILATION COMPLETE.  0 WARNING(S),  0 ERROR(S)
